Analysis & Synthesis report for cpu
Wed May 28 18:30:20 2025
Quartus Prime Version 18.1.0 Build 625 09/12/2018 SJ Lite Edition


---------------------
; Table of Contents ;
---------------------
  1. Legal Notice
  2. Analysis & Synthesis Summary
  3. Analysis & Synthesis Settings
  4. Parallel Compilation
  5. Analysis & Synthesis Source Files Read
  6. Analysis & Synthesis Resource Usage Summary
  7. Analysis & Synthesis Resource Utilization by Entity
  8. User-Specified and Inferred Latches
  9. Registers Removed During Synthesis
 10. General Register Statistics
 11. Inverted Register Statistics
 12. Multiplexer Restructuring Statistics (Restructuring Performed)
 13. Parameter Settings for User Entity Instance: Unite_Gestion_Instructions:U_Gestion|Multiplexeur:U_Multiplexeur_PC
 14. Parameter Settings for User Entity Instance: Unite_Gestion_Instructions:U_Gestion|sign_extension:U_Sign_Extension_Offset
 15. Parameter Settings for User Entity Instance: Multiplexeur:U_Multiplexeur
 16. Parameter Settings for User Entity Instance: Unite_Traitement:U_Traitement|Multiplexeur:U_Multiplexeur1
 17. Parameter Settings for User Entity Instance: Unite_Traitement:U_Traitement|sign_extension:U_Sign_Extension
 18. Parameter Settings for User Entity Instance: Unite_Traitement:U_Traitement|Multiplexeur:U_Multiplexeur2
 19. Port Connectivity Checks: "SEVEN_SEG:U_HEX3"
 20. Port Connectivity Checks: "SEVEN_SEG:U_HEX2"
 21. Port Connectivity Checks: "SEVEN_SEG:U_HEX1"
 22. Port Connectivity Checks: "SEVEN_SEG:U_HEX0"
 23. Port Connectivity Checks: "RegAff:U_Display_Register"
 24. Post-Synthesis Netlist Statistics for Top Partition
 25. Elapsed Time Per Partition
 26. Analysis & Synthesis Messages



----------------
; Legal Notice ;
----------------
Copyright (C) 2018  Intel Corporation. All rights reserved.
Your use of Intel Corporation's design tools, logic functions 
and other software and tools, and its AMPP partner logic 
functions, and any output files from any of the foregoing 
(including device programming or simulation files), and any 
associated documentation or information are expressly subject 
to the terms and conditions of the Intel Program License 
Subscription Agreement, the Intel Quartus Prime License Agreement,
the Intel FPGA IP License Agreement, or other applicable license
agreement, including, without limitation, that your use is for
the sole purpose of programming logic devices manufactured by
Intel and sold by Intel or its authorized distributors.  Please
refer to the applicable agreement for further details.



+----------------------------------------------------------------------------------+
; Analysis & Synthesis Summary                                                     ;
+------------------------------------+---------------------------------------------+
; Analysis & Synthesis Status        ; Successful - Wed May 28 18:30:20 2025       ;
; Quartus Prime Version              ; 18.1.0 Build 625 09/12/2018 SJ Lite Edition ;
; Revision Name                      ; cpu                                         ;
; Top-level Entity Name              ; CPU                                         ;
; Family                             ; MAX 10                                      ;
; Total logic elements               ; 4,196                                       ;
;     Total combinational functions  ; 1,986                                       ;
;     Dedicated logic registers      ; 2,326                                       ;
; Total registers                    ; 2326                                        ;
; Total pins                         ; 30                                          ;
; Total virtual pins                 ; 0                                           ;
; Total memory bits                  ; 0                                           ;
; Embedded Multiplier 9-bit elements ; 0                                           ;
; Total PLLs                         ; 0                                           ;
; UFM blocks                         ; 0                                           ;
; ADC blocks                         ; 0                                           ;
+------------------------------------+---------------------------------------------+


+------------------------------------------------------------------------------------------------------------+
; Analysis & Synthesis Settings                                                                              ;
+------------------------------------------------------------------+--------------------+--------------------+
; Option                                                           ; Setting            ; Default Value      ;
+------------------------------------------------------------------+--------------------+--------------------+
; Device                                                           ; 10M50DAF484C7G     ;                    ;
; Top-level entity name                                            ; cpu                ; cpu                ;
; Family name                                                      ; MAX 10             ; Cyclone V          ;
; Use smart compilation                                            ; Off                ; Off                ;
; Enable parallel Assembler and Timing Analyzer during compilation ; On                 ; On                 ;
; Enable compact report table                                      ; Off                ; Off                ;
; Restructure Multiplexers                                         ; Auto               ; Auto               ;
; Create Debugging Nodes for IP Cores                              ; Off                ; Off                ;
; Preserve fewer node names                                        ; On                 ; On                 ;
; Intel FPGA IP Evaluation Mode                                    ; Enable             ; Enable             ;
; Verilog Version                                                  ; Verilog_2001       ; Verilog_2001       ;
; VHDL Version                                                     ; VHDL_1993          ; VHDL_1993          ;
; State Machine Processing                                         ; Auto               ; Auto               ;
; Safe State Machine                                               ; Off                ; Off                ;
; Extract Verilog State Machines                                   ; On                 ; On                 ;
; Extract VHDL State Machines                                      ; On                 ; On                 ;
; Ignore Verilog initial constructs                                ; Off                ; Off                ;
; Iteration limit for constant Verilog loops                       ; 5000               ; 5000               ;
; Iteration limit for non-constant Verilog loops                   ; 250                ; 250                ;
; Add Pass-Through Logic to Inferred RAMs                          ; On                 ; On                 ;
; Infer RAMs from Raw Logic                                        ; On                 ; On                 ;
; Parallel Synthesis                                               ; On                 ; On                 ;
; DSP Block Balancing                                              ; Auto               ; Auto               ;
; NOT Gate Push-Back                                               ; On                 ; On                 ;
; Power-Up Don't Care                                              ; On                 ; On                 ;
; Remove Redundant Logic Cells                                     ; Off                ; Off                ;
; Remove Duplicate Registers                                       ; On                 ; On                 ;
; Ignore CARRY Buffers                                             ; Off                ; Off                ;
; Ignore CASCADE Buffers                                           ; Off                ; Off                ;
; Ignore GLOBAL Buffers                                            ; Off                ; Off                ;
; Ignore ROW GLOBAL Buffers                                        ; Off                ; Off                ;
; Ignore LCELL Buffers                                             ; Off                ; Off                ;
; Ignore SOFT Buffers                                              ; On                 ; On                 ;
; Limit AHDL Integers to 32 Bits                                   ; Off                ; Off                ;
; Optimization Technique                                           ; Balanced           ; Balanced           ;
; Carry Chain Length                                               ; 70                 ; 70                 ;
; Auto Carry Chains                                                ; On                 ; On                 ;
; Auto Open-Drain Pins                                             ; On                 ; On                 ;
; Perform WYSIWYG Primitive Resynthesis                            ; Off                ; Off                ;
; Auto ROM Replacement                                             ; On                 ; On                 ;
; Auto RAM Replacement                                             ; On                 ; On                 ;
; Auto DSP Block Replacement                                       ; On                 ; On                 ;
; Auto Shift Register Replacement                                  ; Auto               ; Auto               ;
; Allow Shift Register Merging across Hierarchies                  ; Auto               ; Auto               ;
; Auto Clock Enable Replacement                                    ; On                 ; On                 ;
; Strict RAM Replacement                                           ; Off                ; Off                ;
; Allow Synchronous Control Signals                                ; On                 ; On                 ;
; Force Use of Synchronous Clear Signals                           ; Off                ; Off                ;
; Auto RAM Block Balancing                                         ; On                 ; On                 ;
; Auto RAM to Logic Cell Conversion                                ; Off                ; Off                ;
; Auto Resource Sharing                                            ; Off                ; Off                ;
; Allow Any RAM Size For Recognition                               ; Off                ; Off                ;
; Allow Any ROM Size For Recognition                               ; Off                ; Off                ;
; Allow Any Shift Register Size For Recognition                    ; Off                ; Off                ;
; Use LogicLock Constraints during Resource Balancing              ; On                 ; On                 ;
; Ignore translate_off and synthesis_off directives                ; Off                ; Off                ;
; Timing-Driven Synthesis                                          ; On                 ; On                 ;
; Report Parameter Settings                                        ; On                 ; On                 ;
; Report Source Assignments                                        ; On                 ; On                 ;
; Report Connectivity Checks                                       ; On                 ; On                 ;
; Ignore Maximum Fan-Out Assignments                               ; Off                ; Off                ;
; Synchronization Register Chain Length                            ; 2                  ; 2                  ;
; Power Optimization During Synthesis                              ; Normal compilation ; Normal compilation ;
; HDL message level                                                ; Level2             ; Level2             ;
; Suppress Register Optimization Related Messages                  ; Off                ; Off                ;
; Number of Removed Registers Reported in Synthesis Report         ; 5000               ; 5000               ;
; Number of Swept Nodes Reported in Synthesis Report               ; 5000               ; 5000               ;
; Number of Inverted Registers Reported in Synthesis Report        ; 100                ; 100                ;
; Clock MUX Protection                                             ; On                 ; On                 ;
; Auto Gated Clock Conversion                                      ; Off                ; Off                ;
; Block Design Naming                                              ; Auto               ; Auto               ;
; SDC constraint protection                                        ; Off                ; Off                ;
; Synthesis Effort                                                 ; Auto               ; Auto               ;
; Shift Register Replacement - Allow Asynchronous Clear Signal     ; On                 ; On                 ;
; Pre-Mapping Resynthesis Optimization                             ; Off                ; Off                ;
; Analysis & Synthesis Message Level                               ; Medium             ; Medium             ;
; Disable Register Merging Across Hierarchies                      ; Auto               ; Auto               ;
; Resource Aware Inference For Block RAM                           ; On                 ; On                 ;
+------------------------------------------------------------------+--------------------+--------------------+


+------------------------------------------+
; Parallel Compilation                     ;
+----------------------------+-------------+
; Processors                 ; Number      ;
+----------------------------+-------------+
; Number detected on machine ; 16          ;
; Maximum allowed            ; 16          ;
;                            ;             ;
; Average used               ; 1.02        ;
; Maximum used               ; 16          ;
;                            ;             ;
; Usage by Processor         ; % Time Used ;
;     Processor 1            ; 100.0%      ;
;     Processor 2            ;   0.2%      ;
;     Processor 3            ;   0.2%      ;
;     Processor 4            ;   0.1%      ;
;     Processor 5            ;   0.1%      ;
;     Processor 6            ;   0.1%      ;
;     Processor 7            ;   0.1%      ;
;     Processor 8            ;   0.1%      ;
;     Processors 9-16        ;   0.1%      ;
+----------------------------+-------------+


+---------------------------------------------------------------------------------------------------------------------------------------------------------------+
; Analysis & Synthesis Source Files Read                                                                                                                        ;
+---------------------------------------+-----------------+-----------------+-------------------------------------------------------------------------+---------+
; File Name with User-Entered Path      ; Used in Netlist ; File Type       ; File Name with Absolute Path                                            ; Library ;
+---------------------------------------+-----------------+-----------------+-------------------------------------------------------------------------+---------+
; ../src/UNITE_TRAITEMENT.vhd           ; yes             ; User VHDL File  ; C:/Users/mleve/Desktop/VHDL/cpu_vhdl/src/UNITE_TRAITEMENT.vhd           ;         ;
; ../src/UNITE_GESTION_INSTRUCTIONS.vhd ; yes             ; User VHDL File  ; C:/Users/mleve/Desktop/VHDL/cpu_vhdl/src/UNITE_GESTION_INSTRUCTIONS.vhd ;         ;
; ../src/sign_extension.vhd             ; yes             ; User VHDL File  ; C:/Users/mleve/Desktop/VHDL/cpu_vhdl/src/sign_extension.vhd             ;         ;
; ../src/SEVEN_SEG.vhd                  ; yes             ; User VHDL File  ; C:/Users/mleve/Desktop/VHDL/cpu_vhdl/src/SEVEN_SEG.vhd                  ;         ;
; ../src/register_PSR.vhd               ; yes             ; User VHDL File  ; C:/Users/mleve/Desktop/VHDL/cpu_vhdl/src/register_PSR.vhd               ;         ;
; ../src/register.vhd                   ; yes             ; User VHDL File  ; C:/Users/mleve/Desktop/VHDL/cpu_vhdl/src/register.vhd                   ;         ;
; ../src/reg_aff.vhd                    ; yes             ; User VHDL File  ; C:/Users/mleve/Desktop/VHDL/cpu_vhdl/src/reg_aff.vhd                    ;         ;
; ../src/pc.vhd                         ; yes             ; User VHDL File  ; C:/Users/mleve/Desktop/VHDL/cpu_vhdl/src/pc.vhd                         ;         ;
; ../src/multiplexeur.vhd               ; yes             ; User VHDL File  ; C:/Users/mleve/Desktop/VHDL/cpu_vhdl/src/multiplexeur.vhd               ;         ;
; ../src/memory.vhd                     ; yes             ; User VHDL File  ; C:/Users/mleve/Desktop/VHDL/cpu_vhdl/src/memory.vhd                     ;         ;
; ../src/instruction_memory.vhd         ; yes             ; User VHDL File  ; C:/Users/mleve/Desktop/VHDL/cpu_vhdl/src/instruction_memory.vhd         ;         ;
; ../src/instruction_decryptor.vhd      ; yes             ; User VHDL File  ; C:/Users/mleve/Desktop/VHDL/cpu_vhdl/src/instruction_decryptor.vhd      ;         ;
; ../src/cpu.vhd                        ; yes             ; User VHDL File  ; C:/Users/mleve/Desktop/VHDL/cpu_vhdl/src/cpu.vhd                        ;         ;
; ../src/alu.vhd                        ; yes             ; User VHDL File  ; C:/Users/mleve/Desktop/VHDL/cpu_vhdl/src/alu.vhd                        ;         ;
+---------------------------------------+-----------------+-----------------+-------------------------------------------------------------------------+---------+


+---------------------------------------------------------+
; Analysis & Synthesis Resource Usage Summary             ;
+---------------------------------------------+-----------+
; Resource                                    ; Usage     ;
+---------------------------------------------+-----------+
; Estimated Total logic elements              ; 4,196     ;
;                                             ;           ;
; Total combinational functions               ; 1986      ;
; Logic element usage by number of LUT inputs ;           ;
;     -- 4 input functions                    ; 1772      ;
;     -- 3 input functions                    ; 159       ;
;     -- <=2 input functions                  ; 55        ;
;                                             ;           ;
; Logic elements by mode                      ;           ;
;     -- normal mode                          ; 1948      ;
;     -- arithmetic mode                      ; 38        ;
;                                             ;           ;
; Total registers                             ; 2326      ;
;     -- Dedicated logic registers            ; 2326      ;
;     -- I/O registers                        ; 0         ;
;                                             ;           ;
; I/O pins                                    ; 30        ;
;                                             ;           ;
; Embedded Multiplier 9-bit elements          ; 0         ;
;                                             ;           ;
; Maximum fan-out node                        ; CLK~input ;
; Maximum fan-out                             ; 2326      ;
; Total fan-out                               ; 16985     ;
; Average fan-out                             ; 3.88      ;
+---------------------------------------------+-----------+


+--------------------------------------------------------------------------------------------------------------------------------------------------------------------------------------------------------------------------------------------------------------------------------------------------------------------------------------+
; Analysis & Synthesis Resource Utilization by Entity                                                                                                                                                                                                                                                                                  ;
+-------------------------------------------------+---------------------+---------------------------+-------------+------------+--------------+---------+-----------+------+--------------+------------+-----------------------------------------------------------------------------------+----------------------------+--------------+
; Compilation Hierarchy Node                      ; Combinational ALUTs ; Dedicated Logic Registers ; Memory Bits ; UFM Blocks ; DSP Elements ; DSP 9x9 ; DSP 18x18 ; Pins ; Virtual Pins ; ADC blocks ; Full Hierarchy Name                                                               ; Entity Name                ; Library Name ;
+-------------------------------------------------+---------------------+---------------------------+-------------+------------+--------------+---------+-----------+------+--------------+------------+-----------------------------------------------------------------------------------+----------------------------+--------------+
; |CPU                                            ; 1986 (0)            ; 2326 (0)                  ; 0           ; 0          ; 0            ; 0       ; 0         ; 30   ; 0            ; 0          ; |CPU                                                                              ; CPU                        ; work         ;
;    |Multiplexeur:U_Multiplexeur|                ; 3 (3)               ; 0 (0)                     ; 0           ; 0          ; 0            ; 0       ; 0         ; 0    ; 0            ; 0          ; |CPU|Multiplexeur:U_Multiplexeur                                                  ; Multiplexeur               ; work         ;
;    |RegAff:U_Display_Register|                  ; 0 (0)               ; 16 (16)                   ; 0           ; 0          ; 0            ; 0       ; 0         ; 0    ; 0            ; 0          ; |CPU|RegAff:U_Display_Register                                                    ; RegAff                     ; work         ;
;    |SEVEN_SEG:U_HEX0|                           ; 7 (7)               ; 0 (0)                     ; 0           ; 0          ; 0            ; 0       ; 0         ; 0    ; 0            ; 0          ; |CPU|SEVEN_SEG:U_HEX0                                                             ; SEVEN_SEG                  ; work         ;
;    |SEVEN_SEG:U_HEX1|                           ; 7 (7)               ; 0 (0)                     ; 0           ; 0          ; 0            ; 0       ; 0         ; 0    ; 0            ; 0          ; |CPU|SEVEN_SEG:U_HEX1                                                             ; SEVEN_SEG                  ; work         ;
;    |SEVEN_SEG:U_HEX2|                           ; 7 (7)               ; 0 (0)                     ; 0           ; 0          ; 0            ; 0       ; 0         ; 0    ; 0            ; 0          ; |CPU|SEVEN_SEG:U_HEX2                                                             ; SEVEN_SEG                  ; work         ;
;    |SEVEN_SEG:U_HEX3|                           ; 7 (7)               ; 0 (0)                     ; 0           ; 0          ; 0            ; 0       ; 0         ; 0    ; 0            ; 0          ; |CPU|SEVEN_SEG:U_HEX3                                                             ; SEVEN_SEG                  ; work         ;
;    |Unite_Gestion_Instructions:U_Gestion|       ; 30 (3)              ; 6 (0)                     ; 0           ; 0          ; 0            ; 0       ; 0         ; 0    ; 0            ; 0          ; |CPU|Unite_Gestion_Instructions:U_Gestion                                         ; Unite_Gestion_Instructions ; work         ;
;       |PC:U_PC|                                 ; 7 (7)               ; 6 (6)                     ; 0           ; 0          ; 0            ; 0       ; 0         ; 0    ; 0            ; 0          ; |CPU|Unite_Gestion_Instructions:U_Gestion|PC:U_PC                                 ; PC                         ; work         ;
;       |instruction_memory:U_Instruction_Memory| ; 20 (20)             ; 0 (0)                     ; 0           ; 0          ; 0            ; 0       ; 0         ; 0    ; 0            ; 0          ; |CPU|Unite_Gestion_Instructions:U_Gestion|instruction_memory:U_Instruction_Memory ; instruction_memory         ; work         ;
;    |Unite_Traitement:U_Traitement|              ; 1905 (0)            ; 2304 (0)                  ; 0           ; 0          ; 0            ; 0       ; 0         ; 0    ; 0            ; 0          ; |CPU|Unite_Traitement:U_Traitement                                                ; Unite_Traitement           ; work         ;
;       |ALU:U_ALU|                               ; 83 (83)             ; 0 (0)                     ; 0           ; 0          ; 0            ; 0       ; 0         ; 0    ; 0            ; 0          ; |CPU|Unite_Traitement:U_Traitement|ALU:U_ALU                                      ; ALU                        ; work         ;
;       |Banc_Registres:U_Registre|               ; 271 (271)           ; 256 (256)                 ; 0           ; 0          ; 0            ; 0       ; 0         ; 0    ; 0            ; 0          ; |CPU|Unite_Traitement:U_Traitement|Banc_Registres:U_Registre                      ; Banc_Registres             ; work         ;
;       |Multiplexeur:U_Multiplexeur1|            ; 28 (28)             ; 0 (0)                     ; 0           ; 0          ; 0            ; 0       ; 0         ; 0    ; 0            ; 0          ; |CPU|Unite_Traitement:U_Traitement|Multiplexeur:U_Multiplexeur1                   ; Multiplexeur               ; work         ;
;       |Multiplexeur:U_Multiplexeur2|            ; 1407 (1407)         ; 0 (0)                     ; 0           ; 0          ; 0            ; 0       ; 0         ; 0    ; 0            ; 0          ; |CPU|Unite_Traitement:U_Traitement|Multiplexeur:U_Multiplexeur2                   ; Multiplexeur               ; work         ;
;       |memory:U_Memory|                         ; 116 (116)           ; 2048 (2048)               ; 0           ; 0          ; 0            ; 0       ; 0         ; 0    ; 0            ; 0          ; |CPU|Unite_Traitement:U_Traitement|memory:U_Memory                                ; memory                     ; work         ;
;    |instruction_decryptor:U_Decodeur|           ; 19 (19)             ; 0 (0)                     ; 0           ; 0          ; 0            ; 0       ; 0         ; 0    ; 0            ; 0          ; |CPU|instruction_decryptor:U_Decodeur                                             ; instruction_decryptor      ; work         ;
;    |register_PSR:U_RegisterPSR|                 ; 1 (1)               ; 0 (0)                     ; 0           ; 0          ; 0            ; 0       ; 0         ; 0    ; 0            ; 0          ; |CPU|register_PSR:U_RegisterPSR                                                   ; register_PSR               ; work         ;
+-------------------------------------------------+---------------------+---------------------------+-------------+------------+--------------+---------+-----------+------+--------------+------------+-----------------------------------------------------------------------------------+----------------------------+--------------+
Note: For table entries with two numbers listed, the numbers in parentheses indicate the number of resources of the given type used by the specific entity alone. The numbers listed outside of parentheses indicate the total resources of the given type used by the specific entity and all of its sub-entities in the hierarchy.


+------------------------------------------------------------------------------------------------------------------------+
; User-Specified and Inferred Latches                                                                                    ;
+----------------------------------------------------+------------------------------------------+------------------------+
; Latch Name                                         ; Latch Enable Signal                      ; Free of Timing Hazards ;
+----------------------------------------------------+------------------------------------------+------------------------+
; register_PSR:U_RegisterPSR|PSR_temp[31]            ; instruction_decryptor:U_Decodeur|WideOr3 ; yes                    ;
; Number of user-specified and inferred latches = 1  ;                                          ;                        ;
+----------------------------------------------------+------------------------------------------+------------------------+
Note: All latches listed above may not be present at the end of synthesis due to various synthesis optimizations.


+--------------------------------------------------------------------------------------------------------------------+
; Registers Removed During Synthesis                                                                                 ;
+----------------------------------------------------------------------+---------------------------------------------+
; Register name                                                        ; Reason for Removal                          ;
+----------------------------------------------------------------------+---------------------------------------------+
; Unite_Traitement:U_Traitement|Banc_Registres:U_Registre|Banc[4][3]   ; Lost fanout                                 ;
; Unite_Traitement:U_Traitement|Banc_Registres:U_Registre|Banc[5][3]   ; Lost fanout                                 ;
; Unite_Traitement:U_Traitement|Banc_Registres:U_Registre|Banc[6][3]   ; Lost fanout                                 ;
; Unite_Traitement:U_Traitement|Banc_Registres:U_Registre|Banc[7][3]   ; Lost fanout                                 ;
; Unite_Traitement:U_Traitement|Banc_Registres:U_Registre|Banc[4][2]   ; Lost fanout                                 ;
; Unite_Traitement:U_Traitement|Banc_Registres:U_Registre|Banc[5][2]   ; Lost fanout                                 ;
; Unite_Traitement:U_Traitement|Banc_Registres:U_Registre|Banc[6][2]   ; Lost fanout                                 ;
; Unite_Traitement:U_Traitement|Banc_Registres:U_Registre|Banc[7][2]   ; Lost fanout                                 ;
; Unite_Traitement:U_Traitement|Banc_Registres:U_Registre|Banc[4][1]   ; Lost fanout                                 ;
; Unite_Traitement:U_Traitement|Banc_Registres:U_Registre|Banc[5][1]   ; Lost fanout                                 ;
; Unite_Traitement:U_Traitement|Banc_Registres:U_Registre|Banc[6][1]   ; Lost fanout                                 ;
; Unite_Traitement:U_Traitement|Banc_Registres:U_Registre|Banc[7][1]   ; Lost fanout                                 ;
; Unite_Traitement:U_Traitement|Banc_Registres:U_Registre|Banc[4][0]   ; Lost fanout                                 ;
; Unite_Traitement:U_Traitement|Banc_Registres:U_Registre|Banc[5][0]   ; Lost fanout                                 ;
; Unite_Traitement:U_Traitement|Banc_Registres:U_Registre|Banc[6][0]   ; Lost fanout                                 ;
; Unite_Traitement:U_Traitement|Banc_Registres:U_Registre|Banc[7][0]   ; Lost fanout                                 ;
; Unite_Traitement:U_Traitement|Banc_Registres:U_Registre|Banc[4][7]   ; Lost fanout                                 ;
; Unite_Traitement:U_Traitement|Banc_Registres:U_Registre|Banc[5][7]   ; Lost fanout                                 ;
; Unite_Traitement:U_Traitement|Banc_Registres:U_Registre|Banc[6][7]   ; Lost fanout                                 ;
; Unite_Traitement:U_Traitement|Banc_Registres:U_Registre|Banc[7][7]   ; Lost fanout                                 ;
; Unite_Traitement:U_Traitement|Banc_Registres:U_Registre|Banc[4][6]   ; Lost fanout                                 ;
; Unite_Traitement:U_Traitement|Banc_Registres:U_Registre|Banc[5][6]   ; Lost fanout                                 ;
; Unite_Traitement:U_Traitement|Banc_Registres:U_Registre|Banc[6][6]   ; Lost fanout                                 ;
; Unite_Traitement:U_Traitement|Banc_Registres:U_Registre|Banc[7][6]   ; Lost fanout                                 ;
; Unite_Traitement:U_Traitement|Banc_Registres:U_Registre|Banc[4][5]   ; Lost fanout                                 ;
; Unite_Traitement:U_Traitement|Banc_Registres:U_Registre|Banc[5][5]   ; Lost fanout                                 ;
; Unite_Traitement:U_Traitement|Banc_Registres:U_Registre|Banc[6][5]   ; Lost fanout                                 ;
; Unite_Traitement:U_Traitement|Banc_Registres:U_Registre|Banc[7][5]   ; Lost fanout                                 ;
; Unite_Traitement:U_Traitement|Banc_Registres:U_Registre|Banc[4][4]   ; Lost fanout                                 ;
; Unite_Traitement:U_Traitement|Banc_Registres:U_Registre|Banc[5][4]   ; Lost fanout                                 ;
; Unite_Traitement:U_Traitement|Banc_Registres:U_Registre|Banc[6][4]   ; Lost fanout                                 ;
; Unite_Traitement:U_Traitement|Banc_Registres:U_Registre|Banc[7][4]   ; Lost fanout                                 ;
; Unite_Traitement:U_Traitement|Banc_Registres:U_Registre|Banc[4][11]  ; Lost fanout                                 ;
; Unite_Traitement:U_Traitement|Banc_Registres:U_Registre|Banc[5][11]  ; Lost fanout                                 ;
; Unite_Traitement:U_Traitement|Banc_Registres:U_Registre|Banc[6][11]  ; Lost fanout                                 ;
; Unite_Traitement:U_Traitement|Banc_Registres:U_Registre|Banc[7][11]  ; Lost fanout                                 ;
; Unite_Traitement:U_Traitement|Banc_Registres:U_Registre|Banc[4][10]  ; Lost fanout                                 ;
; Unite_Traitement:U_Traitement|Banc_Registres:U_Registre|Banc[5][10]  ; Lost fanout                                 ;
; Unite_Traitement:U_Traitement|Banc_Registres:U_Registre|Banc[6][10]  ; Lost fanout                                 ;
; Unite_Traitement:U_Traitement|Banc_Registres:U_Registre|Banc[7][10]  ; Lost fanout                                 ;
; Unite_Traitement:U_Traitement|Banc_Registres:U_Registre|Banc[4][9]   ; Lost fanout                                 ;
; Unite_Traitement:U_Traitement|Banc_Registres:U_Registre|Banc[5][9]   ; Lost fanout                                 ;
; Unite_Traitement:U_Traitement|Banc_Registres:U_Registre|Banc[6][9]   ; Lost fanout                                 ;
; Unite_Traitement:U_Traitement|Banc_Registres:U_Registre|Banc[7][9]   ; Lost fanout                                 ;
; Unite_Traitement:U_Traitement|Banc_Registres:U_Registre|Banc[4][8]   ; Lost fanout                                 ;
; Unite_Traitement:U_Traitement|Banc_Registres:U_Registre|Banc[5][8]   ; Lost fanout                                 ;
; Unite_Traitement:U_Traitement|Banc_Registres:U_Registre|Banc[6][8]   ; Lost fanout                                 ;
; Unite_Traitement:U_Traitement|Banc_Registres:U_Registre|Banc[7][8]   ; Lost fanout                                 ;
; Unite_Traitement:U_Traitement|Banc_Registres:U_Registre|Banc[4][15]  ; Lost fanout                                 ;
; Unite_Traitement:U_Traitement|Banc_Registres:U_Registre|Banc[5][15]  ; Lost fanout                                 ;
; Unite_Traitement:U_Traitement|Banc_Registres:U_Registre|Banc[6][15]  ; Lost fanout                                 ;
; Unite_Traitement:U_Traitement|Banc_Registres:U_Registre|Banc[7][15]  ; Lost fanout                                 ;
; Unite_Traitement:U_Traitement|Banc_Registres:U_Registre|Banc[4][14]  ; Lost fanout                                 ;
; Unite_Traitement:U_Traitement|Banc_Registres:U_Registre|Banc[5][14]  ; Lost fanout                                 ;
; Unite_Traitement:U_Traitement|Banc_Registres:U_Registre|Banc[6][14]  ; Lost fanout                                 ;
; Unite_Traitement:U_Traitement|Banc_Registres:U_Registre|Banc[7][14]  ; Lost fanout                                 ;
; Unite_Traitement:U_Traitement|Banc_Registres:U_Registre|Banc[4][13]  ; Lost fanout                                 ;
; Unite_Traitement:U_Traitement|Banc_Registres:U_Registre|Banc[5][13]  ; Lost fanout                                 ;
; Unite_Traitement:U_Traitement|Banc_Registres:U_Registre|Banc[6][13]  ; Lost fanout                                 ;
; Unite_Traitement:U_Traitement|Banc_Registres:U_Registre|Banc[7][13]  ; Lost fanout                                 ;
; Unite_Traitement:U_Traitement|Banc_Registres:U_Registre|Banc[4][12]  ; Lost fanout                                 ;
; Unite_Traitement:U_Traitement|Banc_Registres:U_Registre|Banc[5][12]  ; Lost fanout                                 ;
; Unite_Traitement:U_Traitement|Banc_Registres:U_Registre|Banc[6][12]  ; Lost fanout                                 ;
; Unite_Traitement:U_Traitement|Banc_Registres:U_Registre|Banc[7][12]  ; Lost fanout                                 ;
; Unite_Traitement:U_Traitement|Banc_Registres:U_Registre|Banc[4][16]  ; Lost fanout                                 ;
; Unite_Traitement:U_Traitement|Banc_Registres:U_Registre|Banc[5][16]  ; Lost fanout                                 ;
; Unite_Traitement:U_Traitement|Banc_Registres:U_Registre|Banc[6][16]  ; Lost fanout                                 ;
; Unite_Traitement:U_Traitement|Banc_Registres:U_Registre|Banc[7][16]  ; Lost fanout                                 ;
; Unite_Traitement:U_Traitement|Banc_Registres:U_Registre|Banc[4][17]  ; Lost fanout                                 ;
; Unite_Traitement:U_Traitement|Banc_Registres:U_Registre|Banc[5][17]  ; Lost fanout                                 ;
; Unite_Traitement:U_Traitement|Banc_Registres:U_Registre|Banc[6][17]  ; Lost fanout                                 ;
; Unite_Traitement:U_Traitement|Banc_Registres:U_Registre|Banc[7][17]  ; Lost fanout                                 ;
; Unite_Traitement:U_Traitement|Banc_Registres:U_Registre|Banc[4][18]  ; Lost fanout                                 ;
; Unite_Traitement:U_Traitement|Banc_Registres:U_Registre|Banc[5][18]  ; Lost fanout                                 ;
; Unite_Traitement:U_Traitement|Banc_Registres:U_Registre|Banc[6][18]  ; Lost fanout                                 ;
; Unite_Traitement:U_Traitement|Banc_Registres:U_Registre|Banc[7][18]  ; Lost fanout                                 ;
; Unite_Traitement:U_Traitement|Banc_Registres:U_Registre|Banc[4][19]  ; Lost fanout                                 ;
; Unite_Traitement:U_Traitement|Banc_Registres:U_Registre|Banc[5][19]  ; Lost fanout                                 ;
; Unite_Traitement:U_Traitement|Banc_Registres:U_Registre|Banc[6][19]  ; Lost fanout                                 ;
; Unite_Traitement:U_Traitement|Banc_Registres:U_Registre|Banc[7][19]  ; Lost fanout                                 ;
; Unite_Traitement:U_Traitement|Banc_Registres:U_Registre|Banc[4][20]  ; Lost fanout                                 ;
; Unite_Traitement:U_Traitement|Banc_Registres:U_Registre|Banc[5][20]  ; Lost fanout                                 ;
; Unite_Traitement:U_Traitement|Banc_Registres:U_Registre|Banc[6][20]  ; Lost fanout                                 ;
; Unite_Traitement:U_Traitement|Banc_Registres:U_Registre|Banc[7][20]  ; Lost fanout                                 ;
; Unite_Traitement:U_Traitement|Banc_Registres:U_Registre|Banc[4][21]  ; Lost fanout                                 ;
; Unite_Traitement:U_Traitement|Banc_Registres:U_Registre|Banc[5][21]  ; Lost fanout                                 ;
; Unite_Traitement:U_Traitement|Banc_Registres:U_Registre|Banc[6][21]  ; Lost fanout                                 ;
; Unite_Traitement:U_Traitement|Banc_Registres:U_Registre|Banc[7][21]  ; Lost fanout                                 ;
; Unite_Traitement:U_Traitement|Banc_Registres:U_Registre|Banc[4][22]  ; Lost fanout                                 ;
; Unite_Traitement:U_Traitement|Banc_Registres:U_Registre|Banc[5][22]  ; Lost fanout                                 ;
; Unite_Traitement:U_Traitement|Banc_Registres:U_Registre|Banc[6][22]  ; Lost fanout                                 ;
; Unite_Traitement:U_Traitement|Banc_Registres:U_Registre|Banc[7][22]  ; Lost fanout                                 ;
; Unite_Traitement:U_Traitement|Banc_Registres:U_Registre|Banc[4][23]  ; Lost fanout                                 ;
; Unite_Traitement:U_Traitement|Banc_Registres:U_Registre|Banc[5][23]  ; Lost fanout                                 ;
; Unite_Traitement:U_Traitement|Banc_Registres:U_Registre|Banc[6][23]  ; Lost fanout                                 ;
; Unite_Traitement:U_Traitement|Banc_Registres:U_Registre|Banc[7][23]  ; Lost fanout                                 ;
; Unite_Traitement:U_Traitement|Banc_Registres:U_Registre|Banc[4][24]  ; Lost fanout                                 ;
; Unite_Traitement:U_Traitement|Banc_Registres:U_Registre|Banc[5][24]  ; Lost fanout                                 ;
; Unite_Traitement:U_Traitement|Banc_Registres:U_Registre|Banc[6][24]  ; Lost fanout                                 ;
; Unite_Traitement:U_Traitement|Banc_Registres:U_Registre|Banc[7][24]  ; Lost fanout                                 ;
; Unite_Traitement:U_Traitement|Banc_Registres:U_Registre|Banc[4][25]  ; Lost fanout                                 ;
; Unite_Traitement:U_Traitement|Banc_Registres:U_Registre|Banc[5][25]  ; Lost fanout                                 ;
; Unite_Traitement:U_Traitement|Banc_Registres:U_Registre|Banc[6][25]  ; Lost fanout                                 ;
; Unite_Traitement:U_Traitement|Banc_Registres:U_Registre|Banc[7][25]  ; Lost fanout                                 ;
; Unite_Traitement:U_Traitement|Banc_Registres:U_Registre|Banc[4][26]  ; Lost fanout                                 ;
; Unite_Traitement:U_Traitement|Banc_Registres:U_Registre|Banc[5][26]  ; Lost fanout                                 ;
; Unite_Traitement:U_Traitement|Banc_Registres:U_Registre|Banc[6][26]  ; Lost fanout                                 ;
; Unite_Traitement:U_Traitement|Banc_Registres:U_Registre|Banc[7][26]  ; Lost fanout                                 ;
; Unite_Traitement:U_Traitement|Banc_Registres:U_Registre|Banc[4][27]  ; Lost fanout                                 ;
; Unite_Traitement:U_Traitement|Banc_Registres:U_Registre|Banc[5][27]  ; Lost fanout                                 ;
; Unite_Traitement:U_Traitement|Banc_Registres:U_Registre|Banc[6][27]  ; Lost fanout                                 ;
; Unite_Traitement:U_Traitement|Banc_Registres:U_Registre|Banc[7][27]  ; Lost fanout                                 ;
; Unite_Traitement:U_Traitement|Banc_Registres:U_Registre|Banc[4][28]  ; Lost fanout                                 ;
; Unite_Traitement:U_Traitement|Banc_Registres:U_Registre|Banc[5][28]  ; Lost fanout                                 ;
; Unite_Traitement:U_Traitement|Banc_Registres:U_Registre|Banc[6][28]  ; Lost fanout                                 ;
; Unite_Traitement:U_Traitement|Banc_Registres:U_Registre|Banc[7][28]  ; Lost fanout                                 ;
; Unite_Traitement:U_Traitement|Banc_Registres:U_Registre|Banc[4][29]  ; Lost fanout                                 ;
; Unite_Traitement:U_Traitement|Banc_Registres:U_Registre|Banc[5][29]  ; Lost fanout                                 ;
; Unite_Traitement:U_Traitement|Banc_Registres:U_Registre|Banc[6][29]  ; Lost fanout                                 ;
; Unite_Traitement:U_Traitement|Banc_Registres:U_Registre|Banc[7][29]  ; Lost fanout                                 ;
; Unite_Traitement:U_Traitement|Banc_Registres:U_Registre|Banc[4][30]  ; Lost fanout                                 ;
; Unite_Traitement:U_Traitement|Banc_Registres:U_Registre|Banc[5][30]  ; Lost fanout                                 ;
; Unite_Traitement:U_Traitement|Banc_Registres:U_Registre|Banc[6][30]  ; Lost fanout                                 ;
; Unite_Traitement:U_Traitement|Banc_Registres:U_Registre|Banc[7][30]  ; Lost fanout                                 ;
; Unite_Traitement:U_Traitement|Banc_Registres:U_Registre|Banc[4][31]  ; Lost fanout                                 ;
; Unite_Traitement:U_Traitement|Banc_Registres:U_Registre|Banc[5][31]  ; Lost fanout                                 ;
; Unite_Traitement:U_Traitement|Banc_Registres:U_Registre|Banc[6][31]  ; Lost fanout                                 ;
; Unite_Traitement:U_Traitement|Banc_Registres:U_Registre|Banc[7][31]  ; Lost fanout                                 ;
; Unite_Traitement:U_Traitement|Banc_Registres:U_Registre|Banc[8][3]   ; Stuck at GND due to stuck port clock_enable ;
; Unite_Traitement:U_Traitement|Banc_Registres:U_Registre|Banc[9][3]   ; Stuck at GND due to stuck port clock_enable ;
; Unite_Traitement:U_Traitement|Banc_Registres:U_Registre|Banc[10][3]  ; Stuck at GND due to stuck port clock_enable ;
; Unite_Traitement:U_Traitement|Banc_Registres:U_Registre|Banc[11][3]  ; Stuck at GND due to stuck port clock_enable ;
; Unite_Traitement:U_Traitement|Banc_Registres:U_Registre|Banc[8][2]   ; Stuck at GND due to stuck port clock_enable ;
; Unite_Traitement:U_Traitement|Banc_Registres:U_Registre|Banc[9][2]   ; Stuck at GND due to stuck port clock_enable ;
; Unite_Traitement:U_Traitement|Banc_Registres:U_Registre|Banc[10][2]  ; Stuck at GND due to stuck port clock_enable ;
; Unite_Traitement:U_Traitement|Banc_Registres:U_Registre|Banc[11][2]  ; Stuck at GND due to stuck port clock_enable ;
; Unite_Traitement:U_Traitement|Banc_Registres:U_Registre|Banc[8][1]   ; Stuck at GND due to stuck port clock_enable ;
; Unite_Traitement:U_Traitement|Banc_Registres:U_Registre|Banc[9][1]   ; Stuck at GND due to stuck port clock_enable ;
; Unite_Traitement:U_Traitement|Banc_Registres:U_Registre|Banc[10][1]  ; Stuck at GND due to stuck port clock_enable ;
; Unite_Traitement:U_Traitement|Banc_Registres:U_Registre|Banc[11][1]  ; Stuck at GND due to stuck port clock_enable ;
; Unite_Traitement:U_Traitement|Banc_Registres:U_Registre|Banc[8][0]   ; Stuck at GND due to stuck port clock_enable ;
; Unite_Traitement:U_Traitement|Banc_Registres:U_Registre|Banc[9][0]   ; Stuck at GND due to stuck port clock_enable ;
; Unite_Traitement:U_Traitement|Banc_Registres:U_Registre|Banc[10][0]  ; Stuck at GND due to stuck port clock_enable ;
; Unite_Traitement:U_Traitement|Banc_Registres:U_Registre|Banc[11][0]  ; Stuck at GND due to stuck port clock_enable ;
; Unite_Traitement:U_Traitement|Banc_Registres:U_Registre|Banc[8][7]   ; Stuck at GND due to stuck port clock_enable ;
; Unite_Traitement:U_Traitement|Banc_Registres:U_Registre|Banc[9][7]   ; Stuck at GND due to stuck port clock_enable ;
; Unite_Traitement:U_Traitement|Banc_Registres:U_Registre|Banc[10][7]  ; Stuck at GND due to stuck port clock_enable ;
; Unite_Traitement:U_Traitement|Banc_Registres:U_Registre|Banc[11][7]  ; Stuck at GND due to stuck port clock_enable ;
; Unite_Traitement:U_Traitement|Banc_Registres:U_Registre|Banc[8][6]   ; Stuck at GND due to stuck port clock_enable ;
; Unite_Traitement:U_Traitement|Banc_Registres:U_Registre|Banc[9][6]   ; Stuck at GND due to stuck port clock_enable ;
; Unite_Traitement:U_Traitement|Banc_Registres:U_Registre|Banc[10][6]  ; Stuck at GND due to stuck port clock_enable ;
; Unite_Traitement:U_Traitement|Banc_Registres:U_Registre|Banc[11][6]  ; Stuck at GND due to stuck port clock_enable ;
; Unite_Traitement:U_Traitement|Banc_Registres:U_Registre|Banc[8][5]   ; Stuck at GND due to stuck port clock_enable ;
; Unite_Traitement:U_Traitement|Banc_Registres:U_Registre|Banc[9][5]   ; Stuck at GND due to stuck port clock_enable ;
; Unite_Traitement:U_Traitement|Banc_Registres:U_Registre|Banc[10][5]  ; Stuck at GND due to stuck port clock_enable ;
; Unite_Traitement:U_Traitement|Banc_Registres:U_Registre|Banc[11][5]  ; Stuck at GND due to stuck port clock_enable ;
; Unite_Traitement:U_Traitement|Banc_Registres:U_Registre|Banc[8][4]   ; Stuck at GND due to stuck port clock_enable ;
; Unite_Traitement:U_Traitement|Banc_Registres:U_Registre|Banc[9][4]   ; Stuck at GND due to stuck port clock_enable ;
; Unite_Traitement:U_Traitement|Banc_Registres:U_Registre|Banc[10][4]  ; Stuck at GND due to stuck port clock_enable ;
; Unite_Traitement:U_Traitement|Banc_Registres:U_Registre|Banc[11][4]  ; Stuck at GND due to stuck port clock_enable ;
; Unite_Traitement:U_Traitement|Banc_Registres:U_Registre|Banc[8][11]  ; Stuck at GND due to stuck port clock_enable ;
; Unite_Traitement:U_Traitement|Banc_Registres:U_Registre|Banc[9][11]  ; Stuck at GND due to stuck port clock_enable ;
; Unite_Traitement:U_Traitement|Banc_Registres:U_Registre|Banc[10][11] ; Stuck at GND due to stuck port clock_enable ;
; Unite_Traitement:U_Traitement|Banc_Registres:U_Registre|Banc[11][11] ; Stuck at GND due to stuck port clock_enable ;
; Unite_Traitement:U_Traitement|Banc_Registres:U_Registre|Banc[8][10]  ; Stuck at GND due to stuck port clock_enable ;
; Unite_Traitement:U_Traitement|Banc_Registres:U_Registre|Banc[9][10]  ; Stuck at GND due to stuck port clock_enable ;
; Unite_Traitement:U_Traitement|Banc_Registres:U_Registre|Banc[10][10] ; Stuck at GND due to stuck port clock_enable ;
; Unite_Traitement:U_Traitement|Banc_Registres:U_Registre|Banc[11][10] ; Stuck at GND due to stuck port clock_enable ;
; Unite_Traitement:U_Traitement|Banc_Registres:U_Registre|Banc[8][9]   ; Stuck at GND due to stuck port clock_enable ;
; Unite_Traitement:U_Traitement|Banc_Registres:U_Registre|Banc[9][9]   ; Stuck at GND due to stuck port clock_enable ;
; Unite_Traitement:U_Traitement|Banc_Registres:U_Registre|Banc[10][9]  ; Stuck at GND due to stuck port clock_enable ;
; Unite_Traitement:U_Traitement|Banc_Registres:U_Registre|Banc[11][9]  ; Stuck at GND due to stuck port clock_enable ;
; Unite_Traitement:U_Traitement|Banc_Registres:U_Registre|Banc[8][8]   ; Stuck at GND due to stuck port clock_enable ;
; Unite_Traitement:U_Traitement|Banc_Registres:U_Registre|Banc[9][8]   ; Stuck at GND due to stuck port clock_enable ;
; Unite_Traitement:U_Traitement|Banc_Registres:U_Registre|Banc[10][8]  ; Stuck at GND due to stuck port clock_enable ;
; Unite_Traitement:U_Traitement|Banc_Registres:U_Registre|Banc[11][8]  ; Stuck at GND due to stuck port clock_enable ;
; Unite_Traitement:U_Traitement|Banc_Registres:U_Registre|Banc[8][15]  ; Stuck at GND due to stuck port clock_enable ;
; Unite_Traitement:U_Traitement|Banc_Registres:U_Registre|Banc[9][15]  ; Stuck at GND due to stuck port clock_enable ;
; Unite_Traitement:U_Traitement|Banc_Registres:U_Registre|Banc[10][15] ; Stuck at GND due to stuck port clock_enable ;
; Unite_Traitement:U_Traitement|Banc_Registres:U_Registre|Banc[11][15] ; Stuck at GND due to stuck port clock_enable ;
; Unite_Traitement:U_Traitement|Banc_Registres:U_Registre|Banc[8][14]  ; Stuck at GND due to stuck port clock_enable ;
; Unite_Traitement:U_Traitement|Banc_Registres:U_Registre|Banc[9][14]  ; Stuck at GND due to stuck port clock_enable ;
; Unite_Traitement:U_Traitement|Banc_Registres:U_Registre|Banc[10][14] ; Stuck at GND due to stuck port clock_enable ;
; Unite_Traitement:U_Traitement|Banc_Registres:U_Registre|Banc[11][14] ; Stuck at GND due to stuck port clock_enable ;
; Unite_Traitement:U_Traitement|Banc_Registres:U_Registre|Banc[8][13]  ; Stuck at GND due to stuck port clock_enable ;
; Unite_Traitement:U_Traitement|Banc_Registres:U_Registre|Banc[9][13]  ; Stuck at GND due to stuck port clock_enable ;
; Unite_Traitement:U_Traitement|Banc_Registres:U_Registre|Banc[10][13] ; Stuck at GND due to stuck port clock_enable ;
; Unite_Traitement:U_Traitement|Banc_Registres:U_Registre|Banc[11][13] ; Stuck at GND due to stuck port clock_enable ;
; Unite_Traitement:U_Traitement|Banc_Registres:U_Registre|Banc[8][12]  ; Stuck at GND due to stuck port clock_enable ;
; Unite_Traitement:U_Traitement|Banc_Registres:U_Registre|Banc[9][12]  ; Stuck at GND due to stuck port clock_enable ;
; Unite_Traitement:U_Traitement|Banc_Registres:U_Registre|Banc[10][12] ; Stuck at GND due to stuck port clock_enable ;
; Unite_Traitement:U_Traitement|Banc_Registres:U_Registre|Banc[11][12] ; Stuck at GND due to stuck port clock_enable ;
; Unite_Traitement:U_Traitement|Banc_Registres:U_Registre|Banc[8][16]  ; Stuck at GND due to stuck port clock_enable ;
; Unite_Traitement:U_Traitement|Banc_Registres:U_Registre|Banc[9][16]  ; Stuck at GND due to stuck port clock_enable ;
; Unite_Traitement:U_Traitement|Banc_Registres:U_Registre|Banc[10][16] ; Stuck at GND due to stuck port clock_enable ;
; Unite_Traitement:U_Traitement|Banc_Registres:U_Registre|Banc[11][16] ; Stuck at GND due to stuck port clock_enable ;
; Unite_Traitement:U_Traitement|Banc_Registres:U_Registre|Banc[8][17]  ; Stuck at GND due to stuck port clock_enable ;
; Unite_Traitement:U_Traitement|Banc_Registres:U_Registre|Banc[9][17]  ; Stuck at GND due to stuck port clock_enable ;
; Unite_Traitement:U_Traitement|Banc_Registres:U_Registre|Banc[10][17] ; Stuck at GND due to stuck port clock_enable ;
; Unite_Traitement:U_Traitement|Banc_Registres:U_Registre|Banc[11][17] ; Stuck at GND due to stuck port clock_enable ;
; Unite_Traitement:U_Traitement|Banc_Registres:U_Registre|Banc[8][18]  ; Stuck at GND due to stuck port clock_enable ;
; Unite_Traitement:U_Traitement|Banc_Registres:U_Registre|Banc[9][18]  ; Stuck at GND due to stuck port clock_enable ;
; Unite_Traitement:U_Traitement|Banc_Registres:U_Registre|Banc[10][18] ; Stuck at GND due to stuck port clock_enable ;
; Unite_Traitement:U_Traitement|Banc_Registres:U_Registre|Banc[11][18] ; Stuck at GND due to stuck port clock_enable ;
; Unite_Traitement:U_Traitement|Banc_Registres:U_Registre|Banc[8][19]  ; Stuck at GND due to stuck port clock_enable ;
; Unite_Traitement:U_Traitement|Banc_Registres:U_Registre|Banc[9][19]  ; Stuck at GND due to stuck port clock_enable ;
; Unite_Traitement:U_Traitement|Banc_Registres:U_Registre|Banc[10][19] ; Stuck at GND due to stuck port clock_enable ;
; Unite_Traitement:U_Traitement|Banc_Registres:U_Registre|Banc[11][19] ; Stuck at GND due to stuck port clock_enable ;
; Unite_Traitement:U_Traitement|Banc_Registres:U_Registre|Banc[8][20]  ; Stuck at GND due to stuck port clock_enable ;
; Unite_Traitement:U_Traitement|Banc_Registres:U_Registre|Banc[9][20]  ; Stuck at GND due to stuck port clock_enable ;
; Unite_Traitement:U_Traitement|Banc_Registres:U_Registre|Banc[10][20] ; Stuck at GND due to stuck port clock_enable ;
; Unite_Traitement:U_Traitement|Banc_Registres:U_Registre|Banc[11][20] ; Stuck at GND due to stuck port clock_enable ;
; Unite_Traitement:U_Traitement|Banc_Registres:U_Registre|Banc[8][21]  ; Stuck at GND due to stuck port clock_enable ;
; Unite_Traitement:U_Traitement|Banc_Registres:U_Registre|Banc[9][21]  ; Stuck at GND due to stuck port clock_enable ;
; Unite_Traitement:U_Traitement|Banc_Registres:U_Registre|Banc[10][21] ; Stuck at GND due to stuck port clock_enable ;
; Unite_Traitement:U_Traitement|Banc_Registres:U_Registre|Banc[11][21] ; Stuck at GND due to stuck port clock_enable ;
; Unite_Traitement:U_Traitement|Banc_Registres:U_Registre|Banc[8][22]  ; Stuck at GND due to stuck port clock_enable ;
; Unite_Traitement:U_Traitement|Banc_Registres:U_Registre|Banc[9][22]  ; Stuck at GND due to stuck port clock_enable ;
; Unite_Traitement:U_Traitement|Banc_Registres:U_Registre|Banc[10][22] ; Stuck at GND due to stuck port clock_enable ;
; Unite_Traitement:U_Traitement|Banc_Registres:U_Registre|Banc[11][22] ; Stuck at GND due to stuck port clock_enable ;
; Unite_Traitement:U_Traitement|Banc_Registres:U_Registre|Banc[8][23]  ; Stuck at GND due to stuck port clock_enable ;
; Unite_Traitement:U_Traitement|Banc_Registres:U_Registre|Banc[9][23]  ; Stuck at GND due to stuck port clock_enable ;
; Unite_Traitement:U_Traitement|Banc_Registres:U_Registre|Banc[10][23] ; Stuck at GND due to stuck port clock_enable ;
; Unite_Traitement:U_Traitement|Banc_Registres:U_Registre|Banc[11][23] ; Stuck at GND due to stuck port clock_enable ;
; Unite_Traitement:U_Traitement|Banc_Registres:U_Registre|Banc[8][24]  ; Stuck at GND due to stuck port clock_enable ;
; Unite_Traitement:U_Traitement|Banc_Registres:U_Registre|Banc[9][24]  ; Stuck at GND due to stuck port clock_enable ;
; Unite_Traitement:U_Traitement|Banc_Registres:U_Registre|Banc[10][24] ; Stuck at GND due to stuck port clock_enable ;
; Unite_Traitement:U_Traitement|Banc_Registres:U_Registre|Banc[11][24] ; Stuck at GND due to stuck port clock_enable ;
; Unite_Traitement:U_Traitement|Banc_Registres:U_Registre|Banc[8][25]  ; Stuck at GND due to stuck port clock_enable ;
; Unite_Traitement:U_Traitement|Banc_Registres:U_Registre|Banc[9][25]  ; Stuck at GND due to stuck port clock_enable ;
; Unite_Traitement:U_Traitement|Banc_Registres:U_Registre|Banc[10][25] ; Stuck at GND due to stuck port clock_enable ;
; Unite_Traitement:U_Traitement|Banc_Registres:U_Registre|Banc[11][25] ; Stuck at GND due to stuck port clock_enable ;
; Unite_Traitement:U_Traitement|Banc_Registres:U_Registre|Banc[8][26]  ; Stuck at GND due to stuck port clock_enable ;
; Unite_Traitement:U_Traitement|Banc_Registres:U_Registre|Banc[9][26]  ; Stuck at GND due to stuck port clock_enable ;
; Unite_Traitement:U_Traitement|Banc_Registres:U_Registre|Banc[10][26] ; Stuck at GND due to stuck port clock_enable ;
; Unite_Traitement:U_Traitement|Banc_Registres:U_Registre|Banc[11][26] ; Stuck at GND due to stuck port clock_enable ;
; Unite_Traitement:U_Traitement|Banc_Registres:U_Registre|Banc[8][27]  ; Stuck at GND due to stuck port clock_enable ;
; Unite_Traitement:U_Traitement|Banc_Registres:U_Registre|Banc[9][27]  ; Stuck at GND due to stuck port clock_enable ;
; Unite_Traitement:U_Traitement|Banc_Registres:U_Registre|Banc[10][27] ; Stuck at GND due to stuck port clock_enable ;
; Unite_Traitement:U_Traitement|Banc_Registres:U_Registre|Banc[11][27] ; Stuck at GND due to stuck port clock_enable ;
; Unite_Traitement:U_Traitement|Banc_Registres:U_Registre|Banc[8][28]  ; Stuck at GND due to stuck port clock_enable ;
; Unite_Traitement:U_Traitement|Banc_Registres:U_Registre|Banc[9][28]  ; Stuck at GND due to stuck port clock_enable ;
; Unite_Traitement:U_Traitement|Banc_Registres:U_Registre|Banc[10][28] ; Stuck at GND due to stuck port clock_enable ;
; Unite_Traitement:U_Traitement|Banc_Registres:U_Registre|Banc[11][28] ; Stuck at GND due to stuck port clock_enable ;
; Unite_Traitement:U_Traitement|Banc_Registres:U_Registre|Banc[8][29]  ; Stuck at GND due to stuck port clock_enable ;
; Unite_Traitement:U_Traitement|Banc_Registres:U_Registre|Banc[9][29]  ; Stuck at GND due to stuck port clock_enable ;
; Unite_Traitement:U_Traitement|Banc_Registres:U_Registre|Banc[10][29] ; Stuck at GND due to stuck port clock_enable ;
; Unite_Traitement:U_Traitement|Banc_Registres:U_Registre|Banc[11][29] ; Stuck at GND due to stuck port clock_enable ;
; Unite_Traitement:U_Traitement|Banc_Registres:U_Registre|Banc[8][30]  ; Stuck at GND due to stuck port clock_enable ;
; Unite_Traitement:U_Traitement|Banc_Registres:U_Registre|Banc[9][30]  ; Stuck at GND due to stuck port clock_enable ;
; Unite_Traitement:U_Traitement|Banc_Registres:U_Registre|Banc[10][30] ; Stuck at GND due to stuck port clock_enable ;
; Unite_Traitement:U_Traitement|Banc_Registres:U_Registre|Banc[11][30] ; Stuck at GND due to stuck port clock_enable ;
; Unite_Traitement:U_Traitement|Banc_Registres:U_Registre|Banc[8][31]  ; Stuck at GND due to stuck port clock_enable ;
; Unite_Traitement:U_Traitement|Banc_Registres:U_Registre|Banc[9][31]  ; Stuck at GND due to stuck port clock_enable ;
; Unite_Traitement:U_Traitement|Banc_Registres:U_Registre|Banc[10][31] ; Stuck at GND due to stuck port clock_enable ;
; Unite_Traitement:U_Traitement|Banc_Registres:U_Registre|Banc[11][31] ; Stuck at GND due to stuck port clock_enable ;
; Unite_Gestion_Instructions:U_Gestion|PC:U_PC|PC_value[6..31]         ; Lost fanout                                 ;
; Total Number of Removed Registers = 282                              ;                                             ;
+----------------------------------------------------------------------+---------------------------------------------+


+------------------------------------------------------+
; General Register Statistics                          ;
+----------------------------------------------+-------+
; Statistic                                    ; Value ;
+----------------------------------------------+-------+
; Total registers                              ; 2326  ;
; Number of registers using Synchronous Clear  ; 0     ;
; Number of registers using Synchronous Load   ; 0     ;
; Number of registers using Asynchronous Clear ; 2326  ;
; Number of registers using Asynchronous Load  ; 0     ;
; Number of registers using Clock Enable       ; 2320  ;
; Number of registers using Preset             ; 0     ;
+----------------------------------------------+-------+


+-------------------------------------------------------------------------------+
; Inverted Register Statistics                                                  ;
+---------------------------------------------------------------------+---------+
; Inverted Register                                                   ; Fan out ;
+---------------------------------------------------------------------+---------+
; Unite_Traitement:U_Traitement|memory:U_Memory|Banc[38][0]           ; 1       ;
; Unite_Traitement:U_Traitement|memory:U_Memory|Banc[36][0]           ; 1       ;
; Unite_Traitement:U_Traitement|memory:U_Memory|Banc[41][0]           ; 1       ;
; Unite_Traitement:U_Traitement|memory:U_Memory|Banc[35][0]           ; 1       ;
; Unite_Traitement:U_Traitement|memory:U_Memory|Banc[33][0]           ; 1       ;
; Unite_Traitement:U_Traitement|memory:U_Memory|Banc[40][0]           ; 1       ;
; Unite_Traitement:U_Traitement|memory:U_Memory|Banc[34][0]           ; 1       ;
; Unite_Traitement:U_Traitement|memory:U_Memory|Banc[32][0]           ; 1       ;
; Unite_Traitement:U_Traitement|memory:U_Memory|Banc[42][0]           ; 1       ;
; Unite_Traitement:U_Traitement|memory:U_Memory|Banc[39][0]           ; 1       ;
; Unite_Traitement:U_Traitement|memory:U_Memory|Banc[37][0]           ; 1       ;
; Unite_Traitement:U_Traitement|Banc_Registres:U_Registre|Banc[15][5] ; 1       ;
; Unite_Traitement:U_Traitement|Banc_Registres:U_Registre|Banc[15][4] ; 1       ;
; Unite_Traitement:U_Traitement|memory:U_Memory|Banc[42][1]           ; 1       ;
; Unite_Traitement:U_Traitement|memory:U_Memory|Banc[40][1]           ; 1       ;
; Unite_Traitement:U_Traitement|memory:U_Memory|Banc[41][1]           ; 1       ;
; Unite_Traitement:U_Traitement|memory:U_Memory|Banc[36][1]           ; 1       ;
; Unite_Traitement:U_Traitement|memory:U_Memory|Banc[38][1]           ; 1       ;
; Unite_Traitement:U_Traitement|memory:U_Memory|Banc[33][1]           ; 1       ;
; Unite_Traitement:U_Traitement|memory:U_Memory|Banc[35][1]           ; 1       ;
; Unite_Traitement:U_Traitement|memory:U_Memory|Banc[32][1]           ; 1       ;
; Unite_Traitement:U_Traitement|memory:U_Memory|Banc[34][1]           ; 1       ;
; Unite_Traitement:U_Traitement|memory:U_Memory|Banc[37][1]           ; 1       ;
; Unite_Traitement:U_Traitement|memory:U_Memory|Banc[39][1]           ; 1       ;
; Unite_Traitement:U_Traitement|memory:U_Memory|Banc[38][2]           ; 1       ;
; Unite_Traitement:U_Traitement|memory:U_Memory|Banc[36][2]           ; 1       ;
; Unite_Traitement:U_Traitement|memory:U_Memory|Banc[35][2]           ; 1       ;
; Unite_Traitement:U_Traitement|memory:U_Memory|Banc[33][2]           ; 1       ;
; Unite_Traitement:U_Traitement|memory:U_Memory|Banc[34][2]           ; 1       ;
; Unite_Traitement:U_Traitement|memory:U_Memory|Banc[32][2]           ; 1       ;
; Unite_Traitement:U_Traitement|memory:U_Memory|Banc[39][2]           ; 1       ;
; Unite_Traitement:U_Traitement|memory:U_Memory|Banc[37][2]           ; 1       ;
; Unite_Traitement:U_Traitement|memory:U_Memory|Banc[42][2]           ; 1       ;
; Unite_Traitement:U_Traitement|memory:U_Memory|Banc[41][2]           ; 1       ;
; Unite_Traitement:U_Traitement|memory:U_Memory|Banc[40][2]           ; 1       ;
; Unite_Traitement:U_Traitement|memory:U_Memory|Banc[42][3]           ; 1       ;
; Unite_Traitement:U_Traitement|memory:U_Memory|Banc[38][3]           ; 1       ;
; Unite_Traitement:U_Traitement|memory:U_Memory|Banc[34][3]           ; 1       ;
; Unite_Traitement:U_Traitement|memory:U_Memory|Banc[41][3]           ; 1       ;
; Unite_Traitement:U_Traitement|memory:U_Memory|Banc[37][3]           ; 1       ;
; Unite_Traitement:U_Traitement|memory:U_Memory|Banc[33][3]           ; 1       ;
; Unite_Traitement:U_Traitement|memory:U_Memory|Banc[40][3]           ; 1       ;
; Unite_Traitement:U_Traitement|memory:U_Memory|Banc[36][3]           ; 1       ;
; Unite_Traitement:U_Traitement|memory:U_Memory|Banc[32][3]           ; 1       ;
; Unite_Traitement:U_Traitement|memory:U_Memory|Banc[39][3]           ; 1       ;
; Unite_Traitement:U_Traitement|memory:U_Memory|Banc[35][3]           ; 1       ;
; Total number of inverted registers = 46                             ;         ;
+---------------------------------------------------------------------+---------+


+-------------------------------------------------------------------------------------------------------------------------------------------------------------------------------------+
; Multiplexer Restructuring Statistics (Restructuring Performed)                                                                                                                      ;
+--------------------+-----------+---------------+----------------------+------------------------+------------+-----------------------------------------------------------------------+
; Multiplexer Inputs ; Bus Width ; Baseline Area ; Area if Restructured ; Saving if Restructured ; Registered ; Example Multiplexer Output                                            ;
+--------------------+-----------+---------------+----------------------+------------------------+------------+-----------------------------------------------------------------------+
; 3:1                ; 2 bits    ; 4 LEs         ; 2 LEs                ; 2 LEs                  ; No         ; |CPU|instruction_decryptor:U_Decodeur|instr_courante.STR              ;
; 3:1                ; 2 bits    ; 4 LEs         ; 2 LEs                ; 2 LEs                  ; No         ; |CPU|instruction_decryptor:U_Decodeur|instr_courante.CMP              ;
; 4:1                ; 7 bits    ; 14 LEs        ; 14 LEs               ; 0 LEs                  ; No         ; |CPU|Unite_Traitement:U_Traitement|ALU:U_ALU|Mux62                    ;
; 4:1                ; 2 bits    ; 4 LEs         ; 2 LEs                ; 2 LEs                  ; No         ; |CPU|instruction_decryptor:U_Decodeur|instr_courante.ADDr             ;
; 8:1                ; 32 bits   ; 160 LEs       ; 160 LEs              ; 0 LEs                  ; No         ; |CPU|Unite_Traitement:U_Traitement|Banc_Registres:U_Registre|Mux25    ;
; 16:1               ; 32 bits   ; 320 LEs       ; 320 LEs              ; 0 LEs                  ; No         ; |CPU|Unite_Traitement:U_Traitement|Banc_Registres:U_Registre|Mux54    ;
; 65:1               ; 7 bits    ; 301 LEs       ; 301 LEs              ; 0 LEs                  ; No         ; |CPU|Unite_Traitement:U_Traitement|Multiplexeur:U_Multiplexeur2|S[3]  ;
; 68:1               ; 25 bits   ; 1125 LEs      ; 1100 LEs             ; 25 LEs                 ; No         ; |CPU|Unite_Traitement:U_Traitement|Multiplexeur:U_Multiplexeur2|S[13] ;
+--------------------+-----------+---------------+----------------------+------------------------+------------+-----------------------------------------------------------------------+


+------------------------------------------------------------------------------------------------------------------+
; Parameter Settings for User Entity Instance: Unite_Gestion_Instructions:U_Gestion|Multiplexeur:U_Multiplexeur_PC ;
+----------------+-------+-----------------------------------------------------------------------------------------+
; Parameter Name ; Value ; Type                                                                                    ;
+----------------+-------+-----------------------------------------------------------------------------------------+
; n              ; 32    ; Signed Integer                                                                          ;
+----------------+-------+-----------------------------------------------------------------------------------------+
Note: In order to hide this table in the UI and the text report file, please set the "Show Parameter Settings in Synthesis Report" option in "Analysis and Synthesis Settings -> More Settings" to "Off".


+--------------------------------------------------------------------------------------------------------------------------+
; Parameter Settings for User Entity Instance: Unite_Gestion_Instructions:U_Gestion|sign_extension:U_Sign_Extension_Offset ;
+----------------+-------+-------------------------------------------------------------------------------------------------+
; Parameter Name ; Value ; Type                                                                                            ;
+----------------+-------+-------------------------------------------------------------------------------------------------+
; n              ; 24    ; Signed Integer                                                                                  ;
+----------------+-------+-------------------------------------------------------------------------------------------------+
Note: In order to hide this table in the UI and the text report file, please set the "Show Parameter Settings in Synthesis Report" option in "Analysis and Synthesis Settings -> More Settings" to "Off".


+--------------------------------------------------------------------------+
; Parameter Settings for User Entity Instance: Multiplexeur:U_Multiplexeur ;
+----------------+-------+-------------------------------------------------+
; Parameter Name ; Value ; Type                                            ;
+----------------+-------+-------------------------------------------------+
; n              ; 4     ; Signed Integer                                  ;
+----------------+-------+-------------------------------------------------+
Note: In order to hide this table in the UI and the text report file, please set the "Show Parameter Settings in Synthesis Report" option in "Analysis and Synthesis Settings -> More Settings" to "Off".


+---------------------------------------------------------------------------------------------------------+
; Parameter Settings for User Entity Instance: Unite_Traitement:U_Traitement|Multiplexeur:U_Multiplexeur1 ;
+----------------+-------+--------------------------------------------------------------------------------+
; Parameter Name ; Value ; Type                                                                           ;
+----------------+-------+--------------------------------------------------------------------------------+
; n              ; 32    ; Signed Integer                                                                 ;
+----------------+-------+--------------------------------------------------------------------------------+
Note: In order to hide this table in the UI and the text report file, please set the "Show Parameter Settings in Synthesis Report" option in "Analysis and Synthesis Settings -> More Settings" to "Off".


+------------------------------------------------------------------------------------------------------------+
; Parameter Settings for User Entity Instance: Unite_Traitement:U_Traitement|sign_extension:U_Sign_Extension ;
+----------------+-------+-----------------------------------------------------------------------------------+
; Parameter Name ; Value ; Type                                                                              ;
+----------------+-------+-----------------------------------------------------------------------------------+
; n              ; 8     ; Signed Integer                                                                    ;
+----------------+-------+-----------------------------------------------------------------------------------+
Note: In order to hide this table in the UI and the text report file, please set the "Show Parameter Settings in Synthesis Report" option in "Analysis and Synthesis Settings -> More Settings" to "Off".


+---------------------------------------------------------------------------------------------------------+
; Parameter Settings for User Entity Instance: Unite_Traitement:U_Traitement|Multiplexeur:U_Multiplexeur2 ;
+----------------+-------+--------------------------------------------------------------------------------+
; Parameter Name ; Value ; Type                                                                           ;
+----------------+-------+--------------------------------------------------------------------------------+
; n              ; 32    ; Signed Integer                                                                 ;
+----------------+-------+--------------------------------------------------------------------------------+
Note: In order to hide this table in the UI and the text report file, please set the "Show Parameter Settings in Synthesis Report" option in "Analysis and Synthesis Settings -> More Settings" to "Off".


+----------------------------------------------+
; Port Connectivity Checks: "SEVEN_SEG:U_HEX3" ;
+------+-------+----------+--------------------+
; Port ; Type  ; Severity ; Details            ;
+------+-------+----------+--------------------+
; pol  ; Input ; Info     ; Stuck at VCC       ;
+------+-------+----------+--------------------+


+----------------------------------------------+
; Port Connectivity Checks: "SEVEN_SEG:U_HEX2" ;
+------+-------+----------+--------------------+
; Port ; Type  ; Severity ; Details            ;
+------+-------+----------+--------------------+
; pol  ; Input ; Info     ; Stuck at VCC       ;
+------+-------+----------+--------------------+


+----------------------------------------------+
; Port Connectivity Checks: "SEVEN_SEG:U_HEX1" ;
+------+-------+----------+--------------------+
; Port ; Type  ; Severity ; Details            ;
+------+-------+----------+--------------------+
; pol  ; Input ; Info     ; Stuck at VCC       ;
+------+-------+----------+--------------------+


+----------------------------------------------+
; Port Connectivity Checks: "SEVEN_SEG:U_HEX0" ;
+------+-------+----------+--------------------+
; Port ; Type  ; Severity ; Details            ;
+------+-------+----------+--------------------+
; pol  ; Input ; Info     ; Stuck at VCC       ;
+------+-------+----------+--------------------+


+---------------------------------------------------------------------------------------------------------------------+
; Port Connectivity Checks: "RegAff:U_Display_Register"                                                               ;
+-----------+--------+----------+-------------------------------------------------------------------------------------+
; Port      ; Type   ; Severity ; Details                                                                             ;
+-----------+--------+----------+-------------------------------------------------------------------------------------+
; q[31..16] ; Output ; Info     ; Connected to dangling logic. Logic that only feeds a dangling port will be removed. ;
+-----------+--------+----------+-------------------------------------------------------------------------------------+


+-----------------------------------------------------+
; Post-Synthesis Netlist Statistics for Top Partition ;
+-----------------------+-----------------------------+
; Type                  ; Count                       ;
+-----------------------+-----------------------------+
; boundary_port         ; 30                          ;
; cycloneiii_ff         ; 2326                        ;
;     CLR               ; 6                           ;
;     ENA CLR           ; 2320                        ;
; cycloneiii_lcell_comb ; 1990                        ;
;     arith             ; 38                          ;
;         2 data inputs ; 2                           ;
;         3 data inputs ; 36                          ;
;     normal            ; 1952                        ;
;         1 data inputs ; 50                          ;
;         2 data inputs ; 7                           ;
;         3 data inputs ; 123                         ;
;         4 data inputs ; 1772                        ;
;                       ;                             ;
; Max LUT depth         ; 17.50                       ;
; Average LUT depth     ; 10.17                       ;
+-----------------------+-----------------------------+


+-------------------------------+
; Elapsed Time Per Partition    ;
+----------------+--------------+
; Partition Name ; Elapsed Time ;
+----------------+--------------+
; Top            ; 00:00:06     ;
+----------------+--------------+


+-------------------------------+
; Analysis & Synthesis Messages ;
+-------------------------------+
Info: *******************************************************************
Info: Running Quartus Prime Analysis & Synthesis
    Info: Version 18.1.0 Build 625 09/12/2018 SJ Lite Edition
    Info: Processing started: Wed May 28 18:30:04 2025
Info: Command: quartus_map --read_settings_files=on --write_settings_files=off cpu -c cpu
Warning (18236): Number of processors has not been specified which may cause overloading on shared machines.  Set the global assignment NUM_PARALLEL_PROCESSORS in your QSF to an appropriate value for best performance.
Info (20030): Parallel compilation is enabled and will use 16 of the 16 processors detected
Info (12021): Found 2 design units, including 1 entities, in source file /users/mleve/desktop/vhdl/cpu_vhdl/src/unite_traitement.vhd
    Info (12022): Found design unit 1: Unite_Traitement-rtl File: C:/Users/mleve/Desktop/VHDL/cpu_vhdl/src/UNITE_TRAITEMENT.vhd Line: 25
    Info (12023): Found entity 1: Unite_Traitement File: C:/Users/mleve/Desktop/VHDL/cpu_vhdl/src/UNITE_TRAITEMENT.vhd Line: 5
Info (12021): Found 2 design units, including 1 entities, in source file /users/mleve/desktop/vhdl/cpu_vhdl/src/unite_gestion_instructions.vhd
    Info (12022): Found design unit 1: Unite_Gestion_Instructions-rtl File: C:/Users/mleve/Desktop/VHDL/cpu_vhdl/src/UNITE_GESTION_INSTRUCTIONS.vhd Line: 18
    Info (12023): Found entity 1: Unite_Gestion_Instructions File: C:/Users/mleve/Desktop/VHDL/cpu_vhdl/src/UNITE_GESTION_INSTRUCTIONS.vhd Line: 5
Info (12021): Found 2 design units, including 1 entities, in source file /users/mleve/desktop/vhdl/cpu_vhdl/src/sign_extension.vhd
    Info (12022): Found design unit 1: sign_extension-rtl File: C:/Users/mleve/Desktop/VHDL/cpu_vhdl/src/sign_extension.vhd Line: 15
    Info (12023): Found entity 1: sign_extension File: C:/Users/mleve/Desktop/VHDL/cpu_vhdl/src/sign_extension.vhd Line: 5
Info (12021): Found 2 design units, including 1 entities, in source file /users/mleve/desktop/vhdl/cpu_vhdl/src/seven_seg.vhd
    Info (12022): Found design unit 1: SEVEN_SEG-COMB File: C:/Users/mleve/Desktop/VHDL/cpu_vhdl/src/SEVEN_SEG.vhd Line: 38
    Info (12023): Found entity 1: SEVEN_SEG File: C:/Users/mleve/Desktop/VHDL/cpu_vhdl/src/SEVEN_SEG.vhd Line: 29
Info (12021): Found 2 design units, including 1 entities, in source file /users/mleve/desktop/vhdl/cpu_vhdl/src/register_psr.vhd
    Info (12022): Found design unit 1: register_PSR-rtl File: C:/Users/mleve/Desktop/VHDL/cpu_vhdl/src/register_PSR.vhd Line: 12
    Info (12023): Found entity 1: register_PSR File: C:/Users/mleve/Desktop/VHDL/cpu_vhdl/src/register_PSR.vhd Line: 5
Info (12021): Found 2 design units, including 1 entities, in source file /users/mleve/desktop/vhdl/cpu_vhdl/src/register.vhd
    Info (12022): Found design unit 1: Banc_Registres-rtl File: C:/Users/mleve/Desktop/VHDL/cpu_vhdl/src/register.vhd Line: 21
    Info (12023): Found entity 1: Banc_Registres File: C:/Users/mleve/Desktop/VHDL/cpu_vhdl/src/register.vhd Line: 5
Info (12021): Found 2 design units, including 1 entities, in source file /users/mleve/desktop/vhdl/cpu_vhdl/src/reg_aff.vhd
    Info (12022): Found design unit 1: RegAff-rtl File: C:/Users/mleve/Desktop/VHDL/cpu_vhdl/src/reg_aff.vhd Line: 15
    Info (12023): Found entity 1: RegAff File: C:/Users/mleve/Desktop/VHDL/cpu_vhdl/src/reg_aff.vhd Line: 5
Info (12021): Found 2 design units, including 1 entities, in source file /users/mleve/desktop/vhdl/cpu_vhdl/src/pc.vhd
    Info (12022): Found design unit 1: PC-rtl File: C:/Users/mleve/Desktop/VHDL/cpu_vhdl/src/pc.vhd Line: 14
    Info (12023): Found entity 1: PC File: C:/Users/mleve/Desktop/VHDL/cpu_vhdl/src/pc.vhd Line: 5
Info (12021): Found 2 design units, including 1 entities, in source file /users/mleve/desktop/vhdl/cpu_vhdl/src/multiplexeur.vhd
    Info (12022): Found design unit 1: Multiplexeur-rtl File: C:/Users/mleve/Desktop/VHDL/cpu_vhdl/src/multiplexeur.vhd Line: 16
    Info (12023): Found entity 1: Multiplexeur File: C:/Users/mleve/Desktop/VHDL/cpu_vhdl/src/multiplexeur.vhd Line: 5
Info (12021): Found 2 design units, including 1 entities, in source file /users/mleve/desktop/vhdl/cpu_vhdl/src/memory.vhd
    Info (12022): Found design unit 1: memory-rtl File: C:/Users/mleve/Desktop/VHDL/cpu_vhdl/src/memory.vhd Line: 16
    Info (12023): Found entity 1: memory File: C:/Users/mleve/Desktop/VHDL/cpu_vhdl/src/memory.vhd Line: 5
Info (12021): Found 2 design units, including 1 entities, in source file /users/mleve/desktop/vhdl/cpu_vhdl/src/instruction_memory.vhd
    Info (12022): Found design unit 1: instruction_memory-RTL File: C:/Users/mleve/Desktop/VHDL/cpu_vhdl/src/instruction_memory.vhd Line: 10
    Info (12023): Found entity 1: instruction_memory File: C:/Users/mleve/Desktop/VHDL/cpu_vhdl/src/instruction_memory.vhd Line: 4
Info (12021): Found 2 design units, including 1 entities, in source file /users/mleve/desktop/vhdl/cpu_vhdl/src/instruction_decryptor.vhd
    Info (12022): Found design unit 1: instruction_decryptor-rtl File: C:/Users/mleve/Desktop/VHDL/cpu_vhdl/src/instruction_decryptor.vhd Line: 14
    Info (12023): Found entity 1: instruction_decryptor File: C:/Users/mleve/Desktop/VHDL/cpu_vhdl/src/instruction_decryptor.vhd Line: 5
Info (12021): Found 2 design units, including 1 entities, in source file /users/mleve/desktop/vhdl/cpu_vhdl/src/cpu.vhd
    Info (12022): Found design unit 1: CPU-rtl File: C:/Users/mleve/Desktop/VHDL/cpu_vhdl/src/cpu.vhd Line: 16
    Info (12023): Found entity 1: CPU File: C:/Users/mleve/Desktop/VHDL/cpu_vhdl/src/cpu.vhd Line: 5
Info (12021): Found 2 design units, including 1 entities, in source file /users/mleve/desktop/vhdl/cpu_vhdl/src/command_register.vhd
    Info (12022): Found design unit 1: command_register-rtl File: C:/Users/mleve/Desktop/VHDL/cpu_vhdl/src/command_register.vhd Line: 15
    Info (12023): Found entity 1: command_register File: C:/Users/mleve/Desktop/VHDL/cpu_vhdl/src/command_register.vhd Line: 5
Info (12021): Found 2 design units, including 1 entities, in source file /users/mleve/desktop/vhdl/cpu_vhdl/src/alu.vhd
    Info (12022): Found design unit 1: ALU-rtl File: C:/Users/mleve/Desktop/VHDL/cpu_vhdl/src/alu.vhd Line: 14
    Info (12023): Found entity 1: ALU File: C:/Users/mleve/Desktop/VHDL/cpu_vhdl/src/alu.vhd Line: 5
Info (12127): Elaborating entity "cpu" for the top level hierarchy
Info (12128): Elaborating entity "Unite_Gestion_Instructions" for hierarchy "Unite_Gestion_Instructions:U_Gestion" File: C:/Users/mleve/Desktop/VHDL/cpu_vhdl/src/cpu.vhd Line: 46
Info (12128): Elaborating entity "Multiplexeur" for hierarchy "Unite_Gestion_Instructions:U_Gestion|Multiplexeur:U_Multiplexeur_PC" File: C:/Users/mleve/Desktop/VHDL/cpu_vhdl/src/UNITE_GESTION_INSTRUCTIONS.vhd Line: 25
Info (12128): Elaborating entity "instruction_memory" for hierarchy "Unite_Gestion_Instructions:U_Gestion|instruction_memory:U_Instruction_Memory" File: C:/Users/mleve/Desktop/VHDL/cpu_vhdl/src/UNITE_GESTION_INSTRUCTIONS.vhd Line: 37
Info (12128): Elaborating entity "sign_extension" for hierarchy "Unite_Gestion_Instructions:U_Gestion|sign_extension:U_Sign_Extension_Offset" File: C:/Users/mleve/Desktop/VHDL/cpu_vhdl/src/UNITE_GESTION_INSTRUCTIONS.vhd Line: 44
Info (12128): Elaborating entity "PC" for hierarchy "Unite_Gestion_Instructions:U_Gestion|PC:U_PC" File: C:/Users/mleve/Desktop/VHDL/cpu_vhdl/src/UNITE_GESTION_INSTRUCTIONS.vhd Line: 54
Info (12128): Elaborating entity "instruction_decryptor" for hierarchy "instruction_decryptor:U_Decodeur" File: C:/Users/mleve/Desktop/VHDL/cpu_vhdl/src/cpu.vhd Line: 56
Info (12128): Elaborating entity "Multiplexeur" for hierarchy "Multiplexeur:U_Multiplexeur" File: C:/Users/mleve/Desktop/VHDL/cpu_vhdl/src/cpu.vhd Line: 79
Info (12128): Elaborating entity "Unite_Traitement" for hierarchy "Unite_Traitement:U_Traitement" File: C:/Users/mleve/Desktop/VHDL/cpu_vhdl/src/cpu.vhd Line: 91
Info (12128): Elaborating entity "Banc_Registres" for hierarchy "Unite_Traitement:U_Traitement|Banc_Registres:U_Registre" File: C:/Users/mleve/Desktop/VHDL/cpu_vhdl/src/UNITE_TRAITEMENT.vhd Line: 33
Info (12128): Elaborating entity "ALU" for hierarchy "Unite_Traitement:U_Traitement|ALU:U_ALU" File: C:/Users/mleve/Desktop/VHDL/cpu_vhdl/src/UNITE_TRAITEMENT.vhd Line: 47
Warning (10036): Verilog HDL or VHDL warning at alu.vhd(19): object "F" assigned a value but never read File: C:/Users/mleve/Desktop/VHDL/cpu_vhdl/src/alu.vhd Line: 19
Info (12128): Elaborating entity "sign_extension" for hierarchy "Unite_Traitement:U_Traitement|sign_extension:U_Sign_Extension" File: C:/Users/mleve/Desktop/VHDL/cpu_vhdl/src/UNITE_TRAITEMENT.vhd Line: 72
Info (12128): Elaborating entity "memory" for hierarchy "Unite_Traitement:U_Traitement|memory:U_Memory" File: C:/Users/mleve/Desktop/VHDL/cpu_vhdl/src/UNITE_TRAITEMENT.vhd Line: 82
Info (12128): Elaborating entity "register_PSR" for hierarchy "register_PSR:U_RegisterPSR" File: C:/Users/mleve/Desktop/VHDL/cpu_vhdl/src/cpu.vhd Line: 112
Warning (10631): VHDL Process Statement warning at register_PSR.vhd(15): inferring latch(es) for signal or variable "PSR_temp", which holds its previous value in one or more paths through the process File: C:/Users/mleve/Desktop/VHDL/cpu_vhdl/src/register_PSR.vhd Line: 15
Info (10041): Inferred latch for "PSR_temp[28]" at register_PSR.vhd(15) File: C:/Users/mleve/Desktop/VHDL/cpu_vhdl/src/register_PSR.vhd Line: 15
Info (10041): Inferred latch for "PSR_temp[29]" at register_PSR.vhd(15) File: C:/Users/mleve/Desktop/VHDL/cpu_vhdl/src/register_PSR.vhd Line: 15
Info (10041): Inferred latch for "PSR_temp[30]" at register_PSR.vhd(15) File: C:/Users/mleve/Desktop/VHDL/cpu_vhdl/src/register_PSR.vhd Line: 15
Info (10041): Inferred latch for "PSR_temp[31]" at register_PSR.vhd(15) File: C:/Users/mleve/Desktop/VHDL/cpu_vhdl/src/register_PSR.vhd Line: 15
Info (12128): Elaborating entity "RegAff" for hierarchy "RegAff:U_Display_Register" File: C:/Users/mleve/Desktop/VHDL/cpu_vhdl/src/cpu.vhd Line: 122
Info (12128): Elaborating entity "SEVEN_SEG" for hierarchy "SEVEN_SEG:U_HEX0" File: C:/Users/mleve/Desktop/VHDL/cpu_vhdl/src/cpu.vhd Line: 135
Info (276014): Found 1 instances of uninferred RAM logic
    Info (276013): RAM logic "Unite_Gestion_Instructions:U_Gestion|instruction_memory:U_Instruction_Memory|mem" is uninferred because MIF is not supported for the selected family File: C:/Users/mleve/Desktop/VHDL/cpu_vhdl/src/instruction_memory.vhd Line: 29
Warning (13012): Latch register_PSR:U_RegisterPSR|PSR_temp[31] has unsafe behavior File: C:/Users/mleve/Desktop/VHDL/cpu_vhdl/src/register_PSR.vhd Line: 15
    Warning (13013): Ports D and ENA on the latch are fed by the same signal Unite_Gestion_Instructions:U_Gestion|PC:U_PC|PC_value[0] File: C:/Users/mleve/Desktop/VHDL/cpu_vhdl/src/pc.vhd Line: 19
Info (13000): Registers with preset signals will power-up high File: C:/Users/mleve/Desktop/VHDL/cpu_vhdl/src/memory.vhd Line: 36
Info (13003): DEV_CLRn pin will set, and not reset, register with preset signal due to NOT Gate Push-Back
Info (286030): Timing-Driven Synthesis is running
Info (17049): 154 registers lost all their fanouts during netlist optimizations.
Info (16010): Generating hard_block partition "hard_block:auto_generated_inst"
    Info (16011): Adding 0 node(s), including 0 DDIO, 0 PLL, 0 transceiver and 0 LCELL
Info (21057): Implemented 4290 device resources after synthesis - the final resource count might be different
    Info (21058): Implemented 2 input pins
    Info (21059): Implemented 28 output pins
    Info (21061): Implemented 4260 logic cells
Info: Quartus Prime Analysis & Synthesis was successful. 0 errors, 5 warnings
    Info: Peak virtual memory: 4876 megabytes
    Info: Processing ended: Wed May 28 18:30:20 2025
    Info: Elapsed time: 00:00:16
    Info: Total CPU time (on all processors): 00:00:27


